# JRE version: OpenJDK Runtime Environment (8.0_76-b03) (build 1.8.0_76-release-b03)
# Java VM: OpenJDK 64-Bit Server VM (25.76-b03 mixed mode windows-amd64 compressed oops)
Heap:
 PSYoungGen      total 178176K, used 27836K [0x00000000e0000000, 0x00000000ec880000, 0x0000000100000000)
  eden space 157184K, 17% used [0x00000000e0000000,0x00000000e1b2f260,0x00000000e9980000)
  from space 20992K, 0% used [0x00000000e9980000,0x00000000e9980000,0x00000000eae00000)
  to   space 15872K, 0% used [0x00000000eae00000,0x00000000eae00000,0x00000000ebd80000)
 ParOldGen       total 135680K, used 35810K [0x00000000a0000000, 0x00000000a8480000, 0x00000000e0000000)
  object space 135680K, 26% used [0x00000000a0000000,0x00000000a22f8888,0x00000000a8480000)
 Metaspace       used 59828K, capacity 61438K, committed 61720K, reserved 1103872K
  class space    used 7830K, capacity 8197K, committed 8216K, reserved 1048576K
GC Heap History (10 events):
Event: 9.784 GC heap before
{Heap before GC invocations=10 (full 2):
 PSYoungGen      total 111104K, used 98816K [0x00000000e0000000, 0x00000000ea100000, 0x0000000100000000)
  eden space 98816K, 100% used [0x00000000e0000000,0x00000000e6080000,0x00000000e6080000)
  from space 12288K, 0% used [0x00000000e6080000,0x00000000e6080000,0x00000000e6c80000)
  to   space 11776K, 0% used [0x00000000e9580000,0x00000000e9580000,0x00000000ea100000)
 ParOldGen       total 135680K, used 15353K [0x00000000a0000000, 0x00000000a8480000, 0x00000000e0000000)
  object space 135680K, 11% used [0x00000000a0000000,0x00000000a0efe638,0x00000000a8480000)
 Metaspace       used 41243K, capacity 42062K, committed 42416K, reserved 1085440K
  class space    used 5506K, capacity 5701K, committed 5808K, reserved 1048576K
Event: 9.794 GC heap after
Heap after GC invocations=10 (full 2):
 PSYoungGen      total 144896K, used 8783K [0x00000000e0000000, 0x00000000e9e80000, 0x0000000100000000)
  eden space 135680K, 0% used [0x00000000e0000000,0x00000000e0000000,0x00000000e8480000)
  from space 9216K, 95% used [0x00000000e9580000,0x00000000e9e13fb0,0x00000000e9e80000)
  to   space 11776K, 0% used [0x00000000e8780000,0x00000000e8780000,0x00000000e9300000)
 ParOldGen       total 135680K, used 15361K [0x00000000a0000000, 0x00000000a8480000, 0x00000000e0000000)
  object space 135680K, 11% used [0x00000000a0000000,0x00000000a0f00638,0x00000000a8480000)
 Metaspace       used 41243K, capacity 42062K, committed 42416K, reserved 1085440K
  class space    used 5506K, capacity 5701K, committed 5808K, reserved 1048576K
}
Event: 15.750 GC heap before
{Heap before GC invocations=11 (full 2):
 PSYoungGen      total 144896K, used 144463K [0x00000000e0000000, 0x00000000e9e80000, 0x0000000100000000)
  eden space 135680K, 100% used [0x00000000e0000000,0x00000000e8480000,0x00000000e8480000)
  from space 9216K, 95% used [0x00000000e9580000,0x00000000e9e13fb0,0x00000000e9e80000)
  to   space 11776K, 0% used [0x00000000e8780000,0x00000000e8780000,0x00000000e9300000)
 ParOldGen       total 135680K, used 15361K [0x00000000a0000000, 0x00000000a8480000, 0x00000000e0000000)
  object space 135680K, 11% used [0x00000000a0000000,0x00000000a0f00638,0x00000000a8480000)
 Metaspace       used 48956K, capacity 50244K, committed 50352K, reserved 1093632K
  class space    used 6567K, capacity 6820K, committed 6832K, reserved 1048576K
Event: 15.771 GC heap after
Heap after GC invocations=11 (full 2):
 PSYoungGen      total 150528K, used 11760K [0x00000000e0000000, 0x00000000ebd80000, 0x0000000100000000)
  eden space 138752K, 0% used [0x00000000e0000000,0x00000000e0000000,0x00000000e8780000)
  from space 11776K, 99% used [0x00000000e8780000,0x00000000e92fc208,0x00000000e9300000)
  to   space 15872K, 0% used [0x00000000eae00000,0x00000000eae00000,0x00000000ebd80000)
 ParOldGen       total 135680K, used 22923K [0x00000000a0000000, 0x00000000a8480000, 0x00000000e0000000)
  object space 135680K, 16% used [0x00000000a0000000,0x00000000a1662e90,0x00000000a8480000)
 Metaspace       used 48956K, capacity 50244K, committed 50352K, reserved 1093632K
  class space    used 6567K, capacity 6820K, committed 6832K, reserved 1048576K
}
Event: 25.670 GC heap before
{Heap before GC invocations=12 (full 2):
 PSYoungGen      total 150528K, used 150512K [0x00000000e0000000, 0x00000000ebd80000, 0x0000000100000000)
  eden space 138752K, 100% used [0x00000000e0000000,0x00000000e8780000,0x00000000e8780000)
  from space 11776K, 99% used [0x00000000e8780000,0x00000000e92fc208,0x00000000e9300000)
  to   space 15872K, 0% used [0x00000000eae00000,0x00000000eae00000,0x00000000ebd80000)
 ParOldGen       total 135680K, used 22923K [0x00000000a0000000, 0x00000000a8480000, 0x00000000e0000000)
  object space 135680K, 16% used [0x00000000a0000000,0x00000000a1662e90,0x00000000a8480000)
 Metaspace       used 55030K, capacity 56428K, committed 56624K, reserved 1097728K
  class space    used 7299K, capacity 7614K, committed 7728K, reserved 1048576K
Event: 25.724 GC heap after
Heap after GC invocations=12 (full 2):
 PSYoungGen      total 173056K, used 15845K [0x00000000e0000000, 0x00000000ec880000, 0x0000000100000000)
  eden space 157184K, 0% used [0x00000000e0000000,0x00000000e0000000,0x00000000e9980000)
  from space 15872K, 99% used [0x00000000eae00000,0x00000000ebd797a8,0x00000000ebd80000)
  to   space 20992K, 0% used [0x00000000e9980000,0x00000000e9980000,0x00000000eae00000)
 ParOldGen       total 135680K, used 32607K [0x00000000a0000000, 0x00000000a8480000, 0x00000000e0000000)
  object space 135680K, 24% used [0x00000000a0000000,0x00000000a1fd7ef8,0x00000000a8480000)
 Metaspace       used 55030K, capacity 56428K, committed 56624K, reserved 1097728K
  class space    used 7299K, capacity 7614K, committed 7728K, reserved 1048576K
}
Event: 29.008 GC heap before
{Heap before GC invocations=13 (full 2):
 PSYoungGen      total 173056K, used 171521K [0x00000000e0000000, 0x00000000ec880000, 0x0000000100000000)
  eden space 157184K, 99% used [0x00000000e0000000,0x00000000e9806d48,0x00000000e9980000)
  from space 15872K, 99% used [0x00000000eae00000,0x00000000ebd797a8,0x00000000ebd80000)
  to   space 20992K, 0% used [0x00000000e9980000,0x00000000e9980000,0x00000000eae00000)
 ParOldGen       total 135680K, used 32607K [0x00000000a0000000, 0x00000000a8480000, 0x00000000e0000000)
  object space 135680K, 24% used [0x00000000a0000000,0x00000000a1fd7ef8,0x00000000a8480000)
 Metaspace       used 57534K, capacity 59064K, committed 59160K, reserved 1099776K
  class space    used 7569K, capacity 7926K, committed 7960K, reserved 1048576K
Event: 29.033 GC heap after
Heap after GC invocations=13 (full 2):
 PSYoungGen      total 178176K, used 20974K [0x00000000e0000000, 0x00000000ec880000, 0x0000000100000000)
  eden space 157184K, 0% used [0x00000000e0000000,0x00000000e0000000,0x00000000e9980000)
  from space 20992K, 99% used [0x00000000e9980000,0x00000000eadfba18,0x00000000eae00000)
  to   space 15872K, 0% used [0x00000000eae00000,0x00000000eae00000,0x00000000ebd80000)
 ParOldGen       total 135680K, used 33302K [0x00000000a0000000, 0x00000000a8480000, 0x00000000e0000000)
  object space 135680K, 24% used [0x00000000a0000000,0x00000000a2085b68,0x00000000a8480000)
 Metaspace       used 57534K, capacity 59064K, committed 59160K, reserved 1099776K
  class space    used 7569K, capacity 7926K, committed 7960K, reserved 1048576K
}
Event: 29.033 GC heap before
{Heap before GC invocations=14 (full 3):
 PSYoungGen      total 178176K, used 20974K [0x00000000e0000000, 0x00000000ec880000, 0x0000000100000000)
  eden space 157184K, 0% used [0x00000000e0000000,0x00000000e0000000,0x00000000e9980000)
  from space 20992K, 99% used [0x00000000e9980000,0x00000000eadfba18,0x00000000eae00000)
  to   space 15872K, 0% used [0x00000000eae00000,0x00000000eae00000,0x00000000ebd80000)
 ParOldGen       total 135680K, used 33302K [0x00000000a0000000, 0x00000000a8480000, 0x00000000e0000000)
  object space 135680K, 24% used [0x00000000a0000000,0x00000000a2085b68,0x00000000a8480000)
 Metaspace       used 57534K, capacity 59064K, committed 59160K, reserved 1099776K
  class space    used 7569K, capacity 7926K, committed 7960K, reserved 1048576K
Event: 29.364 GC heap after
Heap after GC invocations=14 (full 3):
 PSYoungGen      total 178176K, used 0K [0x00000000e0000000, 0x00000000ec880000, 0x0000000100000000)
  eden space 157184K, 0% used [0x00000000e0000000,0x00000000e0000000,0x00000000e9980000)
  from space 20992K, 0% used [0x00000000e9980000,0x00000000e9980000,0x00000000eae00000)
  to   space 15872K, 0% used [0x00000000eae00000,0x00000000eae00000,0x00000000ebd80000)
 ParOldGen       total 135680K, used 35810K [0x00000000a0000000, 0x00000000a8480000, 0x00000000e0000000)
  object space 135680K, 26% used [0x00000000a0000000,0x00000000a22f8888,0x00000000a8480000)
 Metaspace       used 57532K, capacity 59058K, committed 59160K, reserved 1099776K
  class space    used 7569K, capacity 7925K, committed 7960K, reserved 1048576K
}

